# JRE version: Java(TM) SE Runtime Environment (8.0_60-b27) (build 1.8.0_60-b27)
# Java VM: Java HotSpot(TM) 64-Bit Server VM (25.60-b23 mixed mode windows-amd64 compressed oops)
Heap:
 PSYoungGen      total 269824K, used 90621K [0x00000000eab00000, 0x0000000100000000, 0x0000000100000000)
  eden space 257024K, 35% used [0x00000000eab00000,0x00000000f037f760,0x00000000fa600000)
  from space 12800K, 0% used [0x00000000fb780000,0x00000000fb780000,0x00000000fc400000)
  to   space 17920K, 0% used [0x00000000fa600000,0x00000000fa600000,0x00000000fb780000)
 ParOldGen       total 44032K, used 38143K [0x00000000c0000000, 0x00000000c2b00000, 0x00000000eab00000)
  object space 44032K, 86% used [0x00000000c0000000,0x00000000c253fe78,0x00000000c2b00000)
 Metaspace       used 8353K, capacity 8496K, committed 8576K, reserved 1056768K
  class space    used 794K, capacity 851K, committed 896K, reserved 1048576K
GC Heap History (10 events):
Event: 6.408 GC heap before
{Heap before GC invocations=7 (full 0):
 PSYoungGen      total 143872K, used 135983K [0x00000000eab00000, 0x00000000f4500000, 0x0000000100000000)
  eden space 131072K, 100% used [0x00000000eab00000,0x00000000f2b00000,0x00000000f2b00000)
  from space 12800K, 38% used [0x00000000f3880000,0x00000000f3d4be38,0x00000000f4500000)
  to   space 13312K, 0% used [0x00000000f2b00000,0x00000000f2b00000,0x00000000f3800000)
 ParOldGen       total 44032K, used 23796K [0x00000000c0000000, 0x00000000c2b00000, 0x00000000eab00000)
  object space 44032K, 54% used [0x00000000c0000000,0x00000000c173d320,0x00000000c2b00000)
 Metaspace       used 8330K, capacity 8432K, committed 8576K, reserved 1056768K
  class space    used 794K, capacity 851K, committed 896K, reserved 1048576K
Event: 6.422 GC heap after
Heap after GC invocations=7 (full 0):
 PSYoungGen      total 144384K, used 7377K [0x00000000eab00000, 0x00000000fc400000, 0x0000000100000000)
  eden space 131072K, 0% used [0x00000000eab00000,0x00000000eab00000,0x00000000f2b00000)
  from space 13312K, 55% used [0x00000000f2b00000,0x00000000f3234530,0x00000000f3800000)
  to   space 12800K, 0% used [0x00000000fb780000,0x00000000fb780000,0x00000000fc400000)
 ParOldGen       total 44032K, used 24632K [0x00000000c0000000, 0x00000000c2b00000, 0x00000000eab00000)
  object space 44032K, 55% used [0x00000000c0000000,0x00000000c180e3e0,0x00000000c2b00000)
 Metaspace       used 8330K, capacity 8432K, committed 8576K, reserved 1056768K
  class space    used 794K, capacity 851K, committed 896K, reserved 1048576K
}
Event: 6.910 GC heap before
{Heap before GC invocations=8 (full 0):
 PSYoungGen      total 144384K, used 137219K [0x00000000eab00000, 0x00000000fc400000, 0x0000000100000000)
  eden space 131072K, 99% used [0x00000000eab00000,0x00000000f29cca90,0x00000000f2b00000)
  from space 13312K, 55% used [0x00000000f2b00000,0x00000000f3234530,0x00000000f3800000)
  to   space 12800K, 0% used [0x00000000fb780000,0x00000000fb780000,0x00000000fc400000)
 ParOldGen       total 44032K, used 24632K [0x00000000c0000000, 0x00000000c2b00000, 0x00000000eab00000)
  object space 44032K, 55% used [0x00000000c0000000,0x00000000c180e3e0,0x00000000c2b00000)
 Metaspace       used 8337K, capacity 8496K, committed 8576K, reserved 1056768K
  class space    used 794K, capacity 851K, committed 896K, reserved 1048576K
Event: 6.923 GC heap after
Heap after GC invocations=8 (full 0):
 PSYoungGen      total 274432K, used 10241K [0x00000000eab00000, 0x00000000fc500000, 0x0000000100000000)
  eden space 261632K, 0% used [0x00000000eab00000,0x00000000eab00000,0x00000000faa80000)
  from space 12800K, 80% used [0x00000000fb780000,0x00000000fc180528,0x00000000fc400000)
  to   space 13312K, 0% used [0x00000000faa80000,0x00000000faa80000,0x00000000fb780000)
 ParOldGen       total 44032K, used 25805K [0x00000000c0000000, 0x00000000c2b00000, 0x00000000eab00000)
  object space 44032K, 58% used [0x00000000c0000000,0x00000000c19337e0,0x00000000c2b00000)
 Metaspace       used 8337K, capacity 8496K, committed 8576K, reserved 1056768K
  class space    used 794K, capacity 851K, committed 896K, reserved 1048576K
}
Event: 7.879 GC heap before
{Heap before GC invocations=9 (full 0):
 PSYoungGen      total 274432K, used 271873K [0x00000000eab00000, 0x00000000fc500000, 0x0000000100000000)
  eden space 261632K, 100% used [0x00000000eab00000,0x00000000faa80000,0x00000000faa80000)
  from space 12800K, 80% used [0x00000000fb780000,0x00000000fc180528,0x00000000fc400000)
  to   space 13312K, 0% used [0x00000000faa80000,0x00000000faa80000,0x00000000fb780000)
 ParOldGen       total 44032K, used 25805K [0x00000000c0000000, 0x00000000c2b00000, 0x00000000eab00000)
  object space 44032K, 58% used [0x00000000c0000000,0x00000000c19337e0,0x00000000c2b00000)
 Metaspace       used 8345K, capacity 8496K, committed 8576K, reserved 1056768K
  class space    used 794K, capacity 851K, committed 896K, reserved 1048576K
Event: 7.897 GC heap after
Heap after GC invocations=9 (full 0):
 PSYoungGen      total 274944K, used 10862K [0x00000000eab00000, 0x00000000fc500000, 0x0000000100000000)
  eden space 261632K, 0% used [0x00000000eab00000,0x00000000eab00000,0x00000000faa80000)
  from space 13312K, 81% used [0x00000000faa80000,0x00000000fb51bb28,0x00000000fb780000)
  to   space 12800K, 0% used [0x00000000fb780000,0x00000000fb780000,0x00000000fc400000)
 ParOldGen       total 44032K, used 30981K [0x00000000c0000000, 0x00000000c2b00000, 0x00000000eab00000)
  object space 44032K, 70% used [0x00000000c0000000,0x00000000c1e41650,0x00000000c2b00000)
 Metaspace       used 8345K, capacity 8496K, committed 8576K, reserved 1056768K
  class space    used 794K, capacity 851K, committed 896K, reserved 1048576K
}
Event: 8.541 GC heap before
{Heap before GC invocations=10 (full 0):
 PSYoungGen      total 274944K, used 272494K [0x00000000eab00000, 0x00000000fc500000, 0x0000000100000000)
  eden space 261632K, 100% used [0x00000000eab00000,0x00000000faa80000,0x00000000faa80000)
  from space 13312K, 81% used [0x00000000faa80000,0x00000000fb51bb28,0x00000000fb780000)
  to   space 12800K, 0% used [0x00000000fb780000,0x00000000fb780000,0x00000000fc400000)
 ParOldGen       total 44032K, used 30981K [0x00000000c0000000, 0x00000000c2b00000, 0x00000000eab00000)
  object space 44032K, 70% used [0x00000000c0000000,0x00000000c1e41650,0x00000000c2b00000)
 Metaspace       used 8350K, capacity 8496K, committed 8576K, reserved 1056768K
  class space    used 794K, capacity 851K, committed 896K, reserved 1048576K
Event: 8.563 GC heap after
Heap after GC invocations=10 (full 0):
 PSYoungGen      total 269824K, used 12787K [0x00000000eab00000, 0x0000000100000000, 0x0000000100000000)
  eden space 257024K, 0% used [0x00000000eab00000,0x00000000eab00000,0x00000000fa600000)
  from space 12800K, 99% used [0x00000000fb780000,0x00000000fc3fcc80,0x00000000fc400000)
  to   space 17920K, 0% used [0x00000000fa600000,0x00000000fa600000,0x00000000fb780000)
 ParOldGen       total 44032K, used 37846K [0x00000000c0000000, 0x00000000c2b00000, 0x00000000eab00000)
  object space 44032K, 85% used [0x00000000c0000000,0x00000000c24f58b8,0x00000000c2b00000)
 Metaspace       used 8350K, capacity 8496K, committed 8576K, reserved 1056768K
  class space    used 794K, capacity 851K, committed 896K, reserved 1048576K
}
Event: 8.563 GC heap before
{Heap before GC invocations=11 (full 1):
 PSYoungGen      total 269824K, used 12787K [0x00000000eab00000, 0x0000000100000000, 0x0000000100000000)
  eden space 257024K, 0% used [0x00000000eab00000,0x00000000eab00000,0x00000000fa600000)
  from space 12800K, 99% used [0x00000000fb780000,0x00000000fc3fcc80,0x00000000fc400000)
  to   space 17920K, 0% used [0x00000000fa600000,0x00000000fa600000,0x00000000fb780000)
 ParOldGen       total 44032K, used 37846K [0x00000000c0000000, 0x00000000c2b00000, 0x00000000eab00000)
  object space 44032K, 85% used [0x00000000c0000000,0x00000000c24f58b8,0x00000000c2b00000)
 Metaspace       used 8350K, capacity 8496K, committed 8576K, reserved 1056768K
  class space    used 794K, capacity 851K, committed 896K, reserved 1048576K
Event: 8.733 GC heap after
Heap after GC invocations=11 (full 1):
 PSYoungGen      total 269824K, used 0K [0x00000000eab00000, 0x0000000100000000, 0x0000000100000000)
  eden space 257024K, 0% used [0x00000000eab00000,0x00000000eab00000,0x00000000fa600000)
  from space 12800K, 0% used [0x00000000fb780000,0x00000000fb780000,0x00000000fc400000)
  to   space 17920K, 0% used [0x00000000fa600000,0x00000000fa600000,0x00000000fb780000)
 ParOldGen       total 44032K, used 38143K [0x00000000c0000000, 0x00000000c2b00000, 0x00000000eab00000)
  object space 44032K, 86% used [0x00000000c0000000,0x00000000c253fe78,0x00000000c2b00000)
 Metaspace       used 8350K, capacity 8496K, committed 8576K, reserved 1056768K
  class space    used 794K, capacity 851K, committed 896K, reserved 1048576K
}

