# JRE version: Java(TM) SE Runtime Environment (8.0_60-b27) (build 1.8.0_60-b27)
# Java VM: Java HotSpot(TM) 64-Bit Server VM (25.60-b23 mixed mode windows-amd64 compressed oops)
Heap:
 PSYoungGen      total 115712K, used 108025K [0x00000000eab00000, 0x00000000f2680000, 0x0000000100000000)
  eden space 104960K, 93% used [0x00000000eab00000,0x00000000f0a6a238,0x00000000f1180000)
  from space 10752K, 95% used [0x00000000f1c00000,0x00000000f26143d8,0x00000000f2680000)
  to   space 10752K, 0% used [0x00000000f1180000,0x00000000f1180000,0x00000000f1c00000)
 ParOldGen       total 69632K, used 52739K [0x00000000c0000000, 0x00000000c4400000, 0x00000000eab00000)
  object space 69632K, 75% used [0x00000000c0000000,0x00000000c3380f78,0x00000000c4400000)
 Metaspace       used 8396K, capacity 8504K, committed 8576K, reserved 1056768K
  class space    used 794K, capacity 851K, committed 896K, reserved 1048576K
GC Heap History (10 events):
Event: 12.026 GC heap before
{Heap before GC invocations=21 (full 2):
 PSYoungGen      total 115712K, used 104960K [0x00000000eab00000, 0x00000000f2680000, 0x0000000100000000)
  eden space 104960K, 100% used [0x00000000eab00000,0x00000000f1180000,0x00000000f1180000)
  from space 10752K, 0% used [0x00000000f1c00000,0x00000000f1c00000,0x00000000f2680000)
  to   space 10752K, 0% used [0x00000000f1180000,0x00000000f1180000,0x00000000f1c00000)
 ParOldGen       total 69632K, used 33079K [0x00000000c0000000, 0x00000000c4400000, 0x00000000eab00000)
  object space 69632K, 47% used [0x00000000c0000000,0x00000000c204dfd8,0x00000000c4400000)
 Metaspace       used 8396K, capacity 8504K, committed 8576K, reserved 1056768K
  class space    used 794K, capacity 851K, committed 896K, reserved 1048576K
Event: 12.034 GC heap after
Heap after GC invocations=21 (full 2):
 PSYoungGen      total 115712K, used 8612K [0x00000000eab00000, 0x00000000f2680000, 0x0000000100000000)
  eden space 104960K, 0% used [0x00000000eab00000,0x00000000eab00000,0x00000000f1180000)
  from space 10752K, 80% used [0x00000000f1180000,0x00000000f19e92c0,0x00000000f1c00000)
  to   space 10752K, 0% used [0x00000000f1c00000,0x00000000f1c00000,0x00000000f2680000)
 ParOldGen       total 69632K, used 38715K [0x00000000c0000000, 0x00000000c4400000, 0x00000000eab00000)
  object space 69632K, 55% used [0x00000000c0000000,0x00000000c25cec50,0x00000000c4400000)
 Metaspace       used 8396K, capacity 8504K, committed 8576K, reserved 1056768K
  class space    used 794K, capacity 851K, committed 896K, reserved 1048576K
}
Event: 12.228 GC heap before
{Heap before GC invocations=22 (full 2):
 PSYoungGen      total 115712K, used 113572K [0x00000000eab00000, 0x00000000f2680000, 0x0000000100000000)
  eden space 104960K, 100% used [0x00000000eab00000,0x00000000f1180000,0x00000000f1180000)
  from space 10752K, 80% used [0x00000000f1180000,0x00000000f19e92c0,0x00000000f1c00000)
  to   space 10752K, 0% used [0x00000000f1c00000,0x00000000f1c00000,0x00000000f2680000)
 ParOldGen       total 69632K, used 38715K [0x00000000c0000000, 0x00000000c4400000, 0x00000000eab00000)
  object space 69632K, 55% used [0x00000000c0000000,0x00000000c25cec50,0x00000000c4400000)
 Metaspace       used 8396K, capacity 8504K, committed 8576K, reserved 1056768K
  class space    used 794K, capacity 851K, committed 896K, reserved 1048576K
Event: 12.237 GC heap after
Heap after GC invocations=22 (full 2):
 PSYoungGen      total 115712K, used 9204K [0x00000000eab00000, 0x00000000f2680000, 0x0000000100000000)
  eden space 104960K, 0% used [0x00000000eab00000,0x00000000eab00000,0x00000000f1180000)
  from space 10752K, 85% used [0x00000000f1c00000,0x00000000f24fd018,0x00000000f2680000)
  to   space 10752K, 0% used [0x00000000f1180000,0x00000000f1180000,0x00000000f1c00000)
 ParOldGen       total 69632K, used 46688K [0x00000000c0000000, 0x00000000c4400000, 0x00000000eab00000)
  object space 69632K, 67% used [0x00000000c0000000,0x00000000c2d98258,0x00000000c4400000)
 Metaspace       used 8396K, capacity 8504K, committed 8576K, reserved 1056768K
  class space    used 794K, capacity 851K, committed 896K, reserved 1048576K
}
Event: 12.454 GC heap before
{Heap before GC invocations=23 (full 2):
 PSYoungGen      total 115712K, used 114164K [0x00000000eab00000, 0x00000000f2680000, 0x0000000100000000)
  eden space 104960K, 100% used [0x00000000eab00000,0x00000000f1180000,0x00000000f1180000)
  from space 10752K, 85% used [0x00000000f1c00000,0x00000000f24fd018,0x00000000f2680000)
  to   space 10752K, 0% used [0x00000000f1180000,0x00000000f1180000,0x00000000f1c00000)
 ParOldGen       total 69632K, used 46688K [0x00000000c0000000, 0x00000000c4400000, 0x00000000eab00000)
  object space 69632K, 67% used [0x00000000c0000000,0x00000000c2d98258,0x00000000c4400000)
 Metaspace       used 8396K, capacity 8504K, committed 8576K, reserved 1056768K
  class space    used 794K, capacity 851K, committed 896K, reserved 1048576K
Event: 12.466 GC heap after
Heap after GC invocations=23 (full 2):
 PSYoungGen      total 115712K, used 10306K [0x00000000eab00000, 0x00000000f2680000, 0x0000000100000000)
  eden space 104960K, 0% used [0x00000000eab00000,0x00000000eab00000,0x00000000f1180000)
  from space 10752K, 95% used [0x00000000f1180000,0x00000000f1b908d8,0x00000000f1c00000)
  to   space 10752K, 0% used [0x00000000f1c00000,0x00000000f1c00000,0x00000000f2680000)
 ParOldGen       total 69632K, used 55038K [0x00000000c0000000, 0x00000000c4400000, 0x00000000eab00000)
  object space 69632K, 79% used [0x00000000c0000000,0x00000000c35bf8e0,0x00000000c4400000)
 Metaspace       used 8396K, capacity 8504K, committed 8576K, reserved 1056768K
  class space    used 794K, capacity 851K, committed 896K, reserved 1048576K
}
Event: 12.466 GC heap before
{Heap before GC invocations=24 (full 3):
 PSYoungGen      total 115712K, used 10306K [0x00000000eab00000, 0x00000000f2680000, 0x0000000100000000)
  eden space 104960K, 0% used [0x00000000eab00000,0x00000000eab00000,0x00000000f1180000)
  from space 10752K, 95% used [0x00000000f1180000,0x00000000f1b908d8,0x00000000f1c00000)
  to   space 10752K, 0% used [0x00000000f1c00000,0x00000000f1c00000,0x00000000f2680000)
 ParOldGen       total 69632K, used 55038K [0x00000000c0000000, 0x00000000c4400000, 0x00000000eab00000)
  object space 69632K, 79% used [0x00000000c0000000,0x00000000c35bf8e0,0x00000000c4400000)
 Metaspace       used 8396K, capacity 8504K, committed 8576K, reserved 1056768K
  class space    used 794K, capacity 851K, committed 896K, reserved 1048576K
Event: 12.563 GC heap after
Heap after GC invocations=24 (full 3):
 PSYoungGen      total 115712K, used 0K [0x00000000eab00000, 0x00000000f2680000, 0x0000000100000000)
  eden space 104960K, 0% used [0x00000000eab00000,0x00000000eab00000,0x00000000f1180000)
  from space 10752K, 0% used [0x00000000f1180000,0x00000000f1180000,0x00000000f1c00000)
  to   space 10752K, 0% used [0x00000000f1c00000,0x00000000f1c00000,0x00000000f2680000)
 ParOldGen       total 69632K, used 43765K [0x00000000c0000000, 0x00000000c4400000, 0x00000000eab00000)
  object space 69632K, 62% used [0x00000000c0000000,0x00000000c2abd400,0x00000000c4400000)
 Metaspace       used 8396K, capacity 8504K, committed 8576K, reserved 1056768K
  class space    used 794K, capacity 851K, committed 896K, reserved 1048576K
}
Event: 12.777 GC heap before
{Heap before GC invocations=25 (full 3):
 PSYoungGen      total 115712K, used 104960K [0x00000000eab00000, 0x00000000f2680000, 0x0000000100000000)
  eden space 104960K, 100% used [0x00000000eab00000,0x00000000f1180000,0x00000000f1180000)
  from space 10752K, 0% used [0x00000000f1180000,0x00000000f1180000,0x00000000f1c00000)
  to   space 10752K, 0% used [0x00000000f1c00000,0x00000000f1c00000,0x00000000f2680000)
 ParOldGen       total 69632K, used 43765K [0x00000000c0000000, 0x00000000c4400000, 0x00000000eab00000)
  object space 69632K, 62% used [0x00000000c0000000,0x00000000c2abd400,0x00000000c4400000)
 Metaspace       used 8396K, capacity 8504K, committed 8576K, reserved 1056768K
  class space    used 794K, capacity 851K, committed 896K, reserved 1048576K
Event: 12.786 GC heap after
Heap after GC invocations=25 (full 3):
 PSYoungGen      total 115712K, used 10320K [0x00000000eab00000, 0x00000000f2680000, 0x0000000100000000)
  eden space 104960K, 0% used [0x00000000eab00000,0x00000000eab00000,0x00000000f1180000)
  from space 10752K, 95% used [0x00000000f1c00000,0x00000000f26143d8,0x00000000f2680000)
  to   space 10752K, 0% used [0x00000000f1180000,0x00000000f1180000,0x00000000f1c00000)
 ParOldGen       total 69632K, used 52739K [0x00000000c0000000, 0x00000000c4400000, 0x00000000eab00000)
  object space 69632K, 75% used [0x00000000c0000000,0x00000000c3380f78,0x00000000c4400000)
 Metaspace       used 8396K, capacity 8504K, committed 8576K, reserved 1056768K
  class space    used 794K, capacity 851K, committed 896K, reserved 1048576K
}

