# JRE version: Java(TM) SE Runtime Environment (8.0_60-b27) (build 1.8.0_60-b27)
# Java VM: Java HotSpot(TM) 64-Bit Server VM (25.60-b23 mixed mode windows-amd64 compressed oops)
Heap:
 PSYoungGen      total 26112K, used 24216K [0x00000000eab00000, 0x00000000ee900000, 0x0000000100000000)
  eden space 23552K, 91% used [0x00000000eab00000,0x00000000ec028618,0x00000000ec200000)
  from space 2560K, 99% used [0x00000000ecd80000,0x00000000ecffda10,0x00000000ed000000)
  to   space 11776K, 0% used [0x00000000ec200000,0x00000000ec200000,0x00000000ecd80000)
 ParOldGen       total 61952K, used 50523K [0x00000000c0000000, 0x00000000c3c80000, 0x00000000eab00000)
  object space 61952K, 81% used [0x00000000c0000000,0x00000000c3156d08,0x00000000c3c80000)
 Metaspace       used 8313K, capacity 8428K, committed 8576K, reserved 1056768K
  class space    used 795K, capacity 851K, committed 896K, reserved 1048576K
GC Heap History (10 events):
Event: 13.164 GC heap before
{Heap before GC invocations=18 (full 2):
 PSYoungGen      total 35328K, used 35320K [0x00000000eab00000, 0x00000000ed000000, 0x0000000100000000)
  eden space 32768K, 100% used [0x00000000eab00000,0x00000000ecb00000,0x00000000ecb00000)
  from space 2560K, 99% used [0x00000000ecb00000,0x00000000ecd7e320,0x00000000ecd80000)
  to   space 2560K, 0% used [0x00000000ecd80000,0x00000000ecd80000,0x00000000ed000000)
 ParOldGen       total 61952K, used 30884K [0x00000000c0000000, 0x00000000c3c80000, 0x00000000eab00000)
  object space 61952K, 49% used [0x00000000c0000000,0x00000000c1e292d0,0x00000000c3c80000)
 Metaspace       used 8308K, capacity 8428K, committed 8576K, reserved 1056768K
  class space    used 795K, capacity 851K, committed 896K, reserved 1048576K
Event: 13.168 GC heap after
Heap after GC invocations=18 (full 2):
 PSYoungGen      total 35328K, used 1022K [0x00000000eab00000, 0x00000000ed000000, 0x0000000100000000)
  eden space 32768K, 0% used [0x00000000eab00000,0x00000000eab00000,0x00000000ecb00000)
  from space 2560K, 39% used [0x00000000ecd80000,0x00000000ece7fbb8,0x00000000ed000000)
  to   space 2560K, 0% used [0x00000000ecb00000,0x00000000ecb00000,0x00000000ecd80000)
 ParOldGen       total 61952K, used 35701K [0x00000000c0000000, 0x00000000c3c80000, 0x00000000eab00000)
  object space 61952K, 57% used [0x00000000c0000000,0x00000000c22dd570,0x00000000c3c80000)
 Metaspace       used 8308K, capacity 8428K, committed 8576K, reserved 1056768K
  class space    used 795K, capacity 851K, committed 896K, reserved 1048576K
}
Event: 13.462 GC heap before
{Heap before GC invocations=19 (full 2):
 PSYoungGen      total 35328K, used 33790K [0x00000000eab00000, 0x00000000ed000000, 0x0000000100000000)
  eden space 32768K, 100% used [0x00000000eab00000,0x00000000ecb00000,0x00000000ecb00000)
  from space 2560K, 39% used [0x00000000ecd80000,0x00000000ece7fbb8,0x00000000ed000000)
  to   space 2560K, 0% used [0x00000000ecb00000,0x00000000ecb00000,0x00000000ecd80000)
 ParOldGen       total 61952K, used 35701K [0x00000000c0000000, 0x00000000c3c80000, 0x00000000eab00000)
  object space 61952K, 57% used [0x00000000c0000000,0x00000000c22dd570,0x00000000c3c80000)
 Metaspace       used 8309K, capacity 8428K, committed 8576K, reserved 1056768K
  class space    used 795K, capacity 851K, committed 896K, reserved 1048576K
Event: 13.466 GC heap after
Heap after GC invocations=19 (full 2):
 PSYoungGen      total 35328K, used 2468K [0x00000000eab00000, 0x00000000ed000000, 0x0000000100000000)
  eden space 32768K, 0% used [0x00000000eab00000,0x00000000eab00000,0x00000000ecb00000)
  from space 2560K, 96% used [0x00000000ecb00000,0x00000000ecd69240,0x00000000ecd80000)
  to   space 2560K, 0% used [0x00000000ecd80000,0x00000000ecd80000,0x00000000ed000000)
 ParOldGen       total 61952K, used 39339K [0x00000000c0000000, 0x00000000c3c80000, 0x00000000eab00000)
  object space 61952K, 63% used [0x00000000c0000000,0x00000000c266ad10,0x00000000c3c80000)
 Metaspace       used 8309K, capacity 8428K, committed 8576K, reserved 1056768K
  class space    used 795K, capacity 851K, committed 896K, reserved 1048576K
}
Event: 13.671 GC heap before
{Heap before GC invocations=20 (full 2):
 PSYoungGen      total 35328K, used 35236K [0x00000000eab00000, 0x00000000ed000000, 0x0000000100000000)
  eden space 32768K, 100% used [0x00000000eab00000,0x00000000ecb00000,0x00000000ecb00000)
  from space 2560K, 96% used [0x00000000ecb00000,0x00000000ecd69240,0x00000000ecd80000)
  to   space 2560K, 0% used [0x00000000ecd80000,0x00000000ecd80000,0x00000000ed000000)
 ParOldGen       total 61952K, used 39339K [0x00000000c0000000, 0x00000000c3c80000, 0x00000000eab00000)
  object space 61952K, 63% used [0x00000000c0000000,0x00000000c266ad10,0x00000000c3c80000)
 Metaspace       used 8309K, capacity 8428K, committed 8576K, reserved 1056768K
  class space    used 795K, capacity 851K, committed 896K, reserved 1048576K
Event: 13.678 GC heap after
Heap after GC invocations=20 (full 2):
 PSYoungGen      total 35328K, used 2549K [0x00000000eab00000, 0x00000000ed000000, 0x0000000100000000)
  eden space 32768K, 0% used [0x00000000eab00000,0x00000000eab00000,0x00000000ecb00000)
  from space 2560K, 99% used [0x00000000ecd80000,0x00000000ecffd6b8,0x00000000ed000000)
  to   space 2560K, 0% used [0x00000000ecb00000,0x00000000ecb00000,0x00000000ecd80000)
 ParOldGen       total 61952K, used 40475K [0x00000000c0000000, 0x00000000c3c80000, 0x00000000eab00000)
  object space 61952K, 65% used [0x00000000c0000000,0x00000000c2786f80,0x00000000c3c80000)
 Metaspace       used 8309K, capacity 8428K, committed 8576K, reserved 1056768K
  class space    used 795K, capacity 851K, committed 896K, reserved 1048576K
}
Event: 13.843 GC heap before
{Heap before GC invocations=21 (full 2):
 PSYoungGen      total 35328K, used 35317K [0x00000000eab00000, 0x00000000ed000000, 0x0000000100000000)
  eden space 32768K, 100% used [0x00000000eab00000,0x00000000ecb00000,0x00000000ecb00000)
  from space 2560K, 99% used [0x00000000ecd80000,0x00000000ecffd6b8,0x00000000ed000000)
  to   space 2560K, 0% used [0x00000000ecb00000,0x00000000ecb00000,0x00000000ecd80000)
 ParOldGen       total 61952K, used 40475K [0x00000000c0000000, 0x00000000c3c80000, 0x00000000eab00000)
  object space 61952K, 65% used [0x00000000c0000000,0x00000000c2786f80,0x00000000c3c80000)
 Metaspace       used 8309K, capacity 8428K, committed 8576K, reserved 1056768K
  class space    used 795K, capacity 851K, committed 896K, reserved 1048576K
Event: 13.855 GC heap after
Heap after GC invocations=21 (full 2):
 PSYoungGen      total 35328K, used 1531K [0x00000000eab00000, 0x00000000ed000000, 0x0000000100000000)
  eden space 32768K, 0% used [0x00000000eab00000,0x00000000eab00000,0x00000000ecb00000)
  from space 2560K, 59% used [0x00000000ecb00000,0x00000000ecc7ef38,0x00000000ecd80000)
  to   space 2560K, 0% used [0x00000000ecd80000,0x00000000ecd80000,0x00000000ed000000)
 ParOldGen       total 61952K, used 47544K [0x00000000c0000000, 0x00000000c3c80000, 0x00000000eab00000)
  object space 61952K, 76% used [0x00000000c0000000,0x00000000c2e6e398,0x00000000c3c80000)
 Metaspace       used 8309K, capacity 8428K, committed 8576K, reserved 1056768K
  class space    used 795K, capacity 851K, committed 896K, reserved 1048576K
}
Event: 14.027 GC heap before
{Heap before GC invocations=22 (full 2):
 PSYoungGen      total 35328K, used 34299K [0x00000000eab00000, 0x00000000ed000000, 0x0000000100000000)
  eden space 32768K, 100% used [0x00000000eab00000,0x00000000ecb00000,0x00000000ecb00000)
  from space 2560K, 59% used [0x00000000ecb00000,0x00000000ecc7ef38,0x00000000ecd80000)
  to   space 2560K, 0% used [0x00000000ecd80000,0x00000000ecd80000,0x00000000ed000000)
 ParOldGen       total 61952K, used 47544K [0x00000000c0000000, 0x00000000c3c80000, 0x00000000eab00000)
  object space 61952K, 76% used [0x00000000c0000000,0x00000000c2e6e398,0x00000000c3c80000)
 Metaspace       used 8309K, capacity 8428K, committed 8576K, reserved 1056768K
  class space    used 795K, capacity 851K, committed 896K, reserved 1048576K
Event: 14.042 GC heap after
Heap after GC invocations=22 (full 2):
 PSYoungGen      total 26112K, used 2550K [0x00000000eab00000, 0x00000000ee900000, 0x0000000100000000)
  eden space 23552K, 0% used [0x00000000eab00000,0x00000000eab00000,0x00000000ec200000)
  from space 2560K, 99% used [0x00000000ecd80000,0x00000000ecffda10,0x00000000ed000000)
  to   space 11776K, 0% used [0x00000000ec200000,0x00000000ec200000,0x00000000ecd80000)
 ParOldGen       total 61952K, used 50523K [0x00000000c0000000, 0x00000000c3c80000, 0x00000000eab00000)
  object space 61952K, 81% used [0x00000000c0000000,0x00000000c3156d08,0x00000000c3c80000)
 Metaspace       used 8309K, capacity 8428K, committed 8576K, reserved 1056768K
  class space    used 795K, capacity 851K, committed 896K, reserved 1048576K
}

