# JRE version: Java(TM) SE Runtime Environment (8.0_60-b27) (build 1.8.0_60-b27)
# Java VM: Java HotSpot(TM) 64-Bit Server VM (25.60-b23 mixed mode windows-amd64 compressed oops)
Heap:
 PSYoungGen      total 323584K, used 16354K [0x00000000eab00000, 0x0000000100000000, 0x0000000100000000)
  eden space 307200K, 0% used [0x00000000eab00000,0x00000000eab00000,0x00000000fd700000)
  from space 16384K, 99% used [0x00000000ff000000,0x00000000ffff89c8,0x0000000100000000)
  to   space 20992K, 0% used [0x00000000fd700000,0x00000000fd700000,0x00000000feb80000)
 ParOldGen       total 44032K, used 34379K [0x00000000c0000000, 0x00000000c2b00000, 0x00000000eab00000)
  object space 44032K, 78% used [0x00000000c0000000,0x00000000c2192c30,0x00000000c2b00000)
 Metaspace       used 8374K, capacity 8504K, committed 8576K, reserved 1056768K
  class space    used 794K, capacity 851K, committed 896K, reserved 1048576K
GC Heap History (10 events):
Event: 6.014 GC heap after
Heap after GC invocations=6 (full 0):
 PSYoungGen      total 142336K, used 6832K [0x00000000eab00000, 0x00000000f4300000, 0x0000000100000000)
  eden space 131072K, 0% used [0x00000000eab00000,0x00000000eab00000,0x00000000f2b00000)
  from space 11264K, 60% used [0x00000000f3800000,0x00000000f3eac038,0x00000000f4300000)
  to   space 12288K, 0% used [0x00000000f2b00000,0x00000000f2b00000,0x00000000f3700000)
 ParOldGen       total 44032K, used 24214K [0x00000000c0000000, 0x00000000c2b00000, 0x00000000eab00000)
  object space 44032K, 54% used [0x00000000c0000000,0x00000000c17a5858,0x00000000c2b00000)
 Metaspace       used 8332K, capacity 8504K, committed 8576K, reserved 1056768K
  class space    used 794K, capacity 851K, committed 896K, reserved 1048576K
}
Event: 6.599 GC heap before
{Heap before GC invocations=7 (full 0):
 PSYoungGen      total 142336K, used 137904K [0x00000000eab00000, 0x00000000f4300000, 0x0000000100000000)
  eden space 131072K, 100% used [0x00000000eab00000,0x00000000f2b00000,0x00000000f2b00000)
  from space 11264K, 60% used [0x00000000f3800000,0x00000000f3eac038,0x00000000f4300000)
  to   space 12288K, 0% used [0x00000000f2b00000,0x00000000f2b00000,0x00000000f3700000)
 ParOldGen       total 44032K, used 24214K [0x00000000c0000000, 0x00000000c2b00000, 0x00000000eab00000)
  object space 44032K, 54% used [0x00000000c0000000,0x00000000c17a5858,0x00000000c2b00000)
 Metaspace       used 8354K, capacity 8504K, committed 8576K, reserved 1056768K
  class space    used 794K, capacity 851K, committed 896K, reserved 1048576K
Event: 6.629 GC heap after
Heap after GC invocations=7 (full 0):
 PSYoungGen      total 143360K, used 8261K [0x00000000eab00000, 0x00000000fc300000, 0x0000000100000000)
  eden space 131072K, 0% used [0x00000000eab00000,0x00000000eab00000,0x00000000f2b00000)
  from space 12288K, 67% used [0x00000000f2b00000,0x00000000f33116f8,0x00000000f3700000)
  to   space 12288K, 0% used [0x00000000fb700000,0x00000000fb700000,0x00000000fc300000)
 ParOldGen       total 44032K, used 25564K [0x00000000c0000000, 0x00000000c2b00000, 0x00000000eab00000)
  object space 44032K, 58% used [0x00000000c0000000,0x00000000c18f7358,0x00000000c2b00000)
 Metaspace       used 8354K, capacity 8504K, committed 8576K, reserved 1056768K
  class space    used 794K, capacity 851K, committed 896K, reserved 1048576K
}
Event: 7.093 GC heap before
{Heap before GC invocations=8 (full 0):
 PSYoungGen      total 143360K, used 139333K [0x00000000eab00000, 0x00000000fc300000, 0x0000000100000000)
  eden space 131072K, 100% used [0x00000000eab00000,0x00000000f2b00000,0x00000000f2b00000)
  from space 12288K, 67% used [0x00000000f2b00000,0x00000000f33116f8,0x00000000f3700000)
  to   space 12288K, 0% used [0x00000000fb700000,0x00000000fb700000,0x00000000fc300000)
 ParOldGen       total 44032K, used 25564K [0x00000000c0000000, 0x00000000c2b00000, 0x00000000eab00000)
  object space 44032K, 58% used [0x00000000c0000000,0x00000000c18f7358,0x00000000c2b00000)
 Metaspace       used 8361K, capacity 8504K, committed 8576K, reserved 1056768K
  class space    used 794K, capacity 851K, committed 896K, reserved 1048576K
Event: 7.103 GC heap after
Heap after GC invocations=8 (full 0):
 PSYoungGen      total 271872K, used 12270K [0x00000000eab00000, 0x00000000fc800000, 0x0000000100000000)
  eden space 259584K, 0% used [0x00000000eab00000,0x00000000eab00000,0x00000000fa880000)
  from space 12288K, 99% used [0x00000000fb700000,0x00000000fc2fba68,0x00000000fc300000)
  to   space 14848K, 0% used [0x00000000fa880000,0x00000000fa880000,0x00000000fb700000)
 ParOldGen       total 44032K, used 27243K [0x00000000c0000000, 0x00000000c2b00000, 0x00000000eab00000)
  object space 44032K, 61% used [0x00000000c0000000,0x00000000c1a9af98,0x00000000c2b00000)
 Metaspace       used 8361K, capacity 8504K, committed 8576K, reserved 1056768K
  class space    used 794K, capacity 851K, committed 896K, reserved 1048576K
}
Event: 7.862 GC heap before
{Heap before GC invocations=9 (full 0):
 PSYoungGen      total 271872K, used 271854K [0x00000000eab00000, 0x00000000fc800000, 0x0000000100000000)
  eden space 259584K, 100% used [0x00000000eab00000,0x00000000fa880000,0x00000000fa880000)
  from space 12288K, 99% used [0x00000000fb700000,0x00000000fc2fba68,0x00000000fc300000)
  to   space 14848K, 0% used [0x00000000fa880000,0x00000000fa880000,0x00000000fb700000)
 ParOldGen       total 44032K, used 27243K [0x00000000c0000000, 0x00000000c2b00000, 0x00000000eab00000)
  object space 44032K, 61% used [0x00000000c0000000,0x00000000c1a9af98,0x00000000c2b00000)
 Metaspace       used 8369K, capacity 8504K, committed 8576K, reserved 1056768K
  class space    used 794K, capacity 851K, committed 896K, reserved 1048576K
Event: 7.884 GC heap after
Heap after GC invocations=9 (full 0):
 PSYoungGen      total 274432K, used 14657K [0x00000000eab00000, 0x0000000100000000, 0x0000000100000000)
  eden space 259584K, 0% used [0x00000000eab00000,0x00000000eab00000,0x00000000fa880000)
  from space 14848K, 98% used [0x00000000fa880000,0x00000000fb6d0710,0x00000000fb700000)
  to   space 16384K, 0% used [0x00000000ff000000,0x00000000ff000000,0x0000000100000000)
 ParOldGen       total 44032K, used 27259K [0x00000000c0000000, 0x00000000c2b00000, 0x00000000eab00000)
  object space 44032K, 61% used [0x00000000c0000000,0x00000000c1a9ef98,0x00000000c2b00000)
 Metaspace       used 8369K, capacity 8504K, committed 8576K, reserved 1056768K
  class space    used 794K, capacity 851K, committed 896K, reserved 1048576K
}
Event: 8.686 GC heap before
{Heap before GC invocations=10 (full 0):
 PSYoungGen      total 274432K, used 274241K [0x00000000eab00000, 0x0000000100000000, 0x0000000100000000)
  eden space 259584K, 100% used [0x00000000eab00000,0x00000000fa880000,0x00000000fa880000)
  from space 14848K, 98% used [0x00000000fa880000,0x00000000fb6d0710,0x00000000fb700000)
  to   space 16384K, 0% used [0x00000000ff000000,0x00000000ff000000,0x0000000100000000)
 ParOldGen       total 44032K, used 27259K [0x00000000c0000000, 0x00000000c2b00000, 0x00000000eab00000)
  object space 44032K, 61% used [0x00000000c0000000,0x00000000c1a9ef98,0x00000000c2b00000)
 Metaspace       used 8374K, capacity 8504K, committed 8576K, reserved 1056768K
  class space    used 794K, capacity 851K, committed 896K, reserved 1048576K
Event: 8.703 GC heap after
Heap after GC invocations=10 (full 0):
 PSYoungGen      total 323584K, used 16354K [0x00000000eab00000, 0x0000000100000000, 0x0000000100000000)
  eden space 307200K, 0% used [0x00000000eab00000,0x00000000eab00000,0x00000000fd700000)
  from space 16384K, 99% used [0x00000000ff000000,0x00000000ffff89c8,0x0000000100000000)
  to   space 20992K, 0% used [0x00000000fd700000,0x00000000fd700000,0x00000000feb80000)
 ParOldGen       total 44032K, used 34379K [0x00000000c0000000, 0x00000000c2b00000, 0x00000000eab00000)
  object space 44032K, 78% used [0x00000000c0000000,0x00000000c2192c30,0x00000000c2b00000)
 Metaspace       used 8374K, capacity 8504K, committed 8576K, reserved 1056768K
  class space    used 794K, capacity 851K, committed 896K, reserved 1048576K
}
Event: 8.703 GC heap before
{Heap before GC invocations=11 (full 1):
 PSYoungGen      total 323584K, used 16354K [0x00000000eab00000, 0x0000000100000000, 0x0000000100000000)
  eden space 307200K, 0% used [0x00000000eab00000,0x00000000eab00000,0x00000000fd700000)
  from space 16384K, 99% used [0x00000000ff000000,0x00000000ffff89c8,0x0000000100000000)
  to   space 20992K, 0% used [0x00000000fd700000,0x00000000fd700000,0x00000000feb80000)
 ParOldGen       total 44032K, used 34379K [0x00000000c0000000, 0x00000000c2b00000, 0x00000000eab00000)
  object space 44032K, 78% used [0x00000000c0000000,0x00000000c2192c30,0x00000000c2b00000)
 Metaspace       used 8374K, capacity 8504K, committed 8576K, reserved 1056768K
  class space    used 794K, capacity 851K, committed 896K, reserved 1048576K

