# JRE version: Java(TM) SE Runtime Environment (8.0_60-b27) (build 1.8.0_60-b27)
# Java VM: Java HotSpot(TM) 64-Bit Server VM (25.60-b23 mixed mode windows-amd64 compressed oops)
Heap:
 PSYoungGen      total 146432K, used 51769K [0x00000000eab00000, 0x00000000f8600000, 0x0000000100000000)
  eden space 131072K, 27% used [0x00000000eab00000,0x00000000ece90c28,0x00000000f2b00000)
  from space 15360K, 99% used [0x00000000f7700000,0x00000000f85fd828,0x00000000f8600000)
  to   space 10752K, 0% used [0x00000000f2b00000,0x00000000f2b00000,0x00000000f3580000)
 ParOldGen       total 62976K, used 46994K [0x00000000c0000000, 0x00000000c3d80000, 0x00000000eab00000)
  object space 62976K, 74% used [0x00000000c0000000,0x00000000c2de49d0,0x00000000c3d80000)
 Metaspace       used 8373K, capacity 8504K, committed 8576K, reserved 1056768K
  class space    used 794K, capacity 851K, committed 896K, reserved 1048576K
GC Heap History (10 events):
Event: 18.817 GC heap before
{Heap before GC invocations=11 (full 0):
 PSYoungGen      total 141312K, used 141293K [0x00000000eab00000, 0x00000000f4000000, 0x0000000100000000)
  eden space 131072K, 100% used [0x00000000eab00000,0x00000000f2b00000,0x00000000f2b00000)
  from space 10240K, 99% used [0x00000000f3600000,0x00000000f3ffb7a0,0x00000000f4000000)
  to   space 10752K, 0% used [0x00000000f2b00000,0x00000000f2b00000,0x00000000f3580000)
 ParOldGen       total 44032K, used 24015K [0x00000000c0000000, 0x00000000c2b00000, 0x00000000eab00000)
  object space 44032K, 54% used [0x00000000c0000000,0x00000000c1773cf8,0x00000000c2b00000)
 Metaspace       used 8363K, capacity 8504K, committed 8576K, reserved 1056768K
  class space    used 794K, capacity 851K, committed 896K, reserved 1048576K
Event: 18.828 GC heap after
Heap after GC invocations=11 (full 0):
 PSYoungGen      total 141824K, used 9872K [0x00000000eab00000, 0x00000000f4000000, 0x0000000100000000)
  eden space 131072K, 0% used [0x00000000eab00000,0x00000000eab00000,0x00000000f2b00000)
  from space 10752K, 91% used [0x00000000f2b00000,0x00000000f34a43e8,0x00000000f3580000)
  to   space 10240K, 0% used [0x00000000f3600000,0x00000000f3600000,0x00000000f4000000)
 ParOldGen       total 44032K, used 29911K [0x00000000c0000000, 0x00000000c2b00000, 0x00000000eab00000)
  object space 44032K, 67% used [0x00000000c0000000,0x00000000c1d35c68,0x00000000c2b00000)
 Metaspace       used 8363K, capacity 8504K, committed 8576K, reserved 1056768K
  class space    used 794K, capacity 851K, committed 896K, reserved 1048576K
}
Event: 19.885 GC heap before
{Heap before GC invocations=12 (full 0):
 PSYoungGen      total 141824K, used 140944K [0x00000000eab00000, 0x00000000f4000000, 0x0000000100000000)
  eden space 131072K, 100% used [0x00000000eab00000,0x00000000f2b00000,0x00000000f2b00000)
  from space 10752K, 91% used [0x00000000f2b00000,0x00000000f34a43e8,0x00000000f3580000)
  to   space 10240K, 0% used [0x00000000f3600000,0x00000000f3600000,0x00000000f4000000)
 ParOldGen       total 44032K, used 29911K [0x00000000c0000000, 0x00000000c2b00000, 0x00000000eab00000)
  object space 44032K, 67% used [0x00000000c0000000,0x00000000c1d35c68,0x00000000c2b00000)
 Metaspace       used 8365K, capacity 8504K, committed 8576K, reserved 1056768K
  class space    used 794K, capacity 851K, committed 896K, reserved 1048576K
Event: 20.071 GC heap after
Heap after GC invocations=12 (full 0):
 PSYoungGen      total 141312K, used 10230K [0x00000000eab00000, 0x00000000f4000000, 0x0000000100000000)
  eden space 131072K, 0% used [0x00000000eab00000,0x00000000eab00000,0x00000000f2b00000)
  from space 10240K, 99% used [0x00000000f3600000,0x00000000f3ffd990,0x00000000f4000000)
  to   space 10752K, 0% used [0x00000000f2b00000,0x00000000f2b00000,0x00000000f3580000)
 ParOldGen       total 44032K, used 35659K [0x00000000c0000000, 0x00000000c2b00000, 0x00000000eab00000)
  object space 44032K, 80% used [0x00000000c0000000,0x00000000c22d2cc0,0x00000000c2b00000)
 Metaspace       used 8365K, capacity 8504K, committed 8576K, reserved 1056768K
  class space    used 794K, capacity 851K, committed 896K, reserved 1048576K
}
Event: 20.071 GC heap before
{Heap before GC invocations=13 (full 1):
 PSYoungGen      total 141312K, used 10230K [0x00000000eab00000, 0x00000000f4000000, 0x0000000100000000)
  eden space 131072K, 0% used [0x00000000eab00000,0x00000000eab00000,0x00000000f2b00000)
  from space 10240K, 99% used [0x00000000f3600000,0x00000000f3ffd990,0x00000000f4000000)
  to   space 10752K, 0% used [0x00000000f2b00000,0x00000000f2b00000,0x00000000f3580000)
 ParOldGen       total 44032K, used 35659K [0x00000000c0000000, 0x00000000c2b00000, 0x00000000eab00000)
  object space 44032K, 80% used [0x00000000c0000000,0x00000000c22d2cc0,0x00000000c2b00000)
 Metaspace       used 8365K, capacity 8504K, committed 8576K, reserved 1056768K
  class space    used 794K, capacity 851K, committed 896K, reserved 1048576K
Event: 20.316 GC heap after
Heap after GC invocations=13 (full 1):
 PSYoungGen      total 141312K, used 0K [0x00000000eab00000, 0x00000000f4000000, 0x0000000100000000)
  eden space 131072K, 0% used [0x00000000eab00000,0x00000000eab00000,0x00000000f2b00000)
  from space 10240K, 0% used [0x00000000f3600000,0x00000000f3600000,0x00000000f4000000)
  to   space 10752K, 0% used [0x00000000f2b00000,0x00000000f2b00000,0x00000000f3580000)
 ParOldGen       total 62976K, used 34337K [0x00000000c0000000, 0x00000000c3d80000, 0x00000000eab00000)
  object space 62976K, 54% used [0x00000000c0000000,0x00000000c21885f8,0x00000000c3d80000)
 Metaspace       used 8365K, capacity 8504K, committed 8576K, reserved 1056768K
  class space    used 794K, capacity 851K, committed 896K, reserved 1048576K
}
Event: 20.651 GC heap before
{Heap before GC invocations=14 (full 1):
 PSYoungGen      total 141312K, used 131072K [0x00000000eab00000, 0x00000000f4000000, 0x0000000100000000)
  eden space 131072K, 100% used [0x00000000eab00000,0x00000000f2b00000,0x00000000f2b00000)
  from space 10240K, 0% used [0x00000000f3600000,0x00000000f3600000,0x00000000f4000000)
  to   space 10752K, 0% used [0x00000000f2b00000,0x00000000f2b00000,0x00000000f3580000)
 ParOldGen       total 62976K, used 34337K [0x00000000c0000000, 0x00000000c3d80000, 0x00000000eab00000)
  object space 62976K, 54% used [0x00000000c0000000,0x00000000c21885f8,0x00000000c3d80000)
 Metaspace       used 8370K, capacity 8504K, committed 8576K, reserved 1056768K
  class space    used 794K, capacity 851K, committed 896K, reserved 1048576K
Event: 20.659 GC heap after
Heap after GC invocations=14 (full 1):
 PSYoungGen      total 141824K, used 7019K [0x00000000eab00000, 0x00000000f8600000, 0x0000000100000000)
  eden space 131072K, 0% used [0x00000000eab00000,0x00000000eab00000,0x00000000f2b00000)
  from space 10752K, 65% used [0x00000000f2b00000,0x00000000f31dade0,0x00000000f3580000)
  to   space 15360K, 0% used [0x00000000f7700000,0x00000000f7700000,0x00000000f8600000)
 ParOldGen       total 62976K, used 40763K [0x00000000c0000000, 0x00000000c3d80000, 0x00000000eab00000)
  object space 62976K, 64% used [0x00000000c0000000,0x00000000c27cec80,0x00000000c3d80000)
 Metaspace       used 8370K, capacity 8504K, committed 8576K, reserved 1056768K
  class space    used 794K, capacity 851K, committed 896K, reserved 1048576K
}
Event: 20.972 GC heap before
{Heap before GC invocations=15 (full 1):
 PSYoungGen      total 141824K, used 138091K [0x00000000eab00000, 0x00000000f8600000, 0x0000000100000000)
  eden space 131072K, 100% used [0x00000000eab00000,0x00000000f2b00000,0x00000000f2b00000)
  from space 10752K, 65% used [0x00000000f2b00000,0x00000000f31dade0,0x00000000f3580000)
  to   space 15360K, 0% used [0x00000000f7700000,0x00000000f7700000,0x00000000f8600000)
 ParOldGen       total 62976K, used 40763K [0x00000000c0000000, 0x00000000c3d80000, 0x00000000eab00000)
  object space 62976K, 64% used [0x00000000c0000000,0x00000000c27cec80,0x00000000c3d80000)
 Metaspace       used 8373K, capacity 8504K, committed 8576K, reserved 1056768K
  class space    used 794K, capacity 851K, committed 896K, reserved 1048576K
Event: 20.986 GC heap after
Heap after GC invocations=15 (full 1):
 PSYoungGen      total 146432K, used 15350K [0x00000000eab00000, 0x00000000f8600000, 0x0000000100000000)
  eden space 131072K, 0% used [0x00000000eab00000,0x00000000eab00000,0x00000000f2b00000)
  from space 15360K, 99% used [0x00000000f7700000,0x00000000f85fd828,0x00000000f8600000)
  to   space 10752K, 0% used [0x00000000f2b00000,0x00000000f2b00000,0x00000000f3580000)
 ParOldGen       total 62976K, used 46994K [0x00000000c0000000, 0x00000000c3d80000, 0x00000000eab00000)
  object space 62976K, 74% used [0x00000000c0000000,0x00000000c2de49d0,0x00000000c3d80000)
 Metaspace       used 8373K, capacity 8504K, committed 8576K, reserved 1056768K
  class space    used 794K, capacity 851K, committed 896K, reserved 1048576K
}

