# JRE version: Java(TM) SE Runtime Environment (8.0_60-b27) (build 1.8.0_60-b27)
# Java VM: Java HotSpot(TM) 64-Bit Server VM (25.60-b23 mixed mode windows-amd64 compressed oops)
Heap:
 PSYoungGen      total 76800K, used 52698K [0x00000000eab00000, 0x00000000f4000000, 0x0000000100000000)
  eden space 65536K, 76% used [0x00000000eab00000,0x00000000edbfe6a8,0x00000000eeb00000)
  from space 11264K, 22% used [0x00000000ef600000,0x00000000ef8782a8,0x00000000f0100000)
  to   space 11264K, 0% used [0x00000000eeb00000,0x00000000eeb00000,0x00000000ef600000)
 ParOldGen       total 44032K, used 23904K [0x00000000c0000000, 0x00000000c2b00000, 0x00000000eab00000)
  object space 44032K, 54% used [0x00000000c0000000,0x00000000c1758308,0x00000000c2b00000)
 Metaspace       used 8321K, capacity 8440K, committed 8576K, reserved 1056768K
  class space    used 794K, capacity 851K, committed 896K, reserved 1048576K
GC Heap History (10 events):
Event: 6.437 GC heap before
{Heap before GC invocations=4 (full 0):
 PSYoungGen      total 18944K, used 18726K [0x00000000eab00000, 0x00000000ed000000, 0x0000000100000000)
  eden space 16384K, 98% used [0x00000000eab00000,0x00000000ebacf5e8,0x00000000ebb00000)
  from space 2560K, 99% used [0x00000000ebb00000,0x00000000ebd7a3c8,0x00000000ebd80000)
  to   space 2560K, 0% used [0x00000000ecd80000,0x00000000ecd80000,0x00000000ed000000)
 ParOldGen       total 44032K, used 8875K [0x00000000c0000000, 0x00000000c2b00000, 0x00000000eab00000)
  object space 44032K, 20% used [0x00000000c0000000,0x00000000c08aae80,0x00000000c2b00000)
 Metaspace       used 6183K, capacity 7088K, committed 7296K, reserved 1056768K
  class space    used 591K, capacity 616K, committed 640K, reserved 1048576K
Event: 6.477 GC heap after
Heap after GC invocations=4 (full 0):
 PSYoungGen      total 35328K, used 2559K [0x00000000eab00000, 0x00000000ed000000, 0x0000000100000000)
  eden space 32768K, 0% used [0x00000000eab00000,0x00000000eab00000,0x00000000ecb00000)
  from space 2560K, 99% used [0x00000000ecd80000,0x00000000ecfffdf0,0x00000000ed000000)
  to   space 2560K, 0% used [0x00000000ecb00000,0x00000000ecb00000,0x00000000ecd80000)
 ParOldGen       total 44032K, used 13620K [0x00000000c0000000, 0x00000000c2b00000, 0x00000000eab00000)
  object space 44032K, 30% used [0x00000000c0000000,0x00000000c0d4d048,0x00000000c2b00000)
 Metaspace       used 6183K, capacity 7088K, committed 7296K, reserved 1056768K
  class space    used 591K, capacity 616K, committed 640K, reserved 1048576K
}
Event: 8.820 GC heap before
{Heap before GC invocations=5 (full 0):
 PSYoungGen      total 35328K, used 35327K [0x00000000eab00000, 0x00000000ed000000, 0x0000000100000000)
  eden space 32768K, 100% used [0x00000000eab00000,0x00000000ecb00000,0x00000000ecb00000)
  from space 2560K, 99% used [0x00000000ecd80000,0x00000000ecfffdf0,0x00000000ed000000)
  to   space 2560K, 0% used [0x00000000ecb00000,0x00000000ecb00000,0x00000000ecd80000)
 ParOldGen       total 44032K, used 13620K [0x00000000c0000000, 0x00000000c2b00000, 0x00000000eab00000)
  object space 44032K, 30% used [0x00000000c0000000,0x00000000c0d4d048,0x00000000c2b00000)
 Metaspace       used 8138K, capacity 8258K, committed 8576K, reserved 1056768K
  class space    used 785K, capacity 818K, committed 896K, reserved 1048576K
Event: 8.836 GC heap after
Heap after GC invocations=5 (full 0):
 PSYoungGen      total 35328K, used 2543K [0x00000000eab00000, 0x00000000f0100000, 0x0000000100000000)
  eden space 32768K, 0% used [0x00000000eab00000,0x00000000eab00000,0x00000000ecb00000)
  from space 2560K, 99% used [0x00000000ecb00000,0x00000000ecd7bcf8,0x00000000ecd80000)
  to   space 11264K, 0% used [0x00000000ef600000,0x00000000ef600000,0x00000000f0100000)
 ParOldGen       total 44032K, used 21986K [0x00000000c0000000, 0x00000000c2b00000, 0x00000000eab00000)
  object space 44032K, 49% used [0x00000000c0000000,0x00000000c1578ae8,0x00000000c2b00000)
 Metaspace       used 8138K, capacity 8258K, committed 8576K, reserved 1056768K
  class space    used 785K, capacity 818K, committed 896K, reserved 1048576K
}
Event: 9.093 GC heap before
{Heap before GC invocations=6 (full 0):
 PSYoungGen      total 35328K, used 34469K [0x00000000eab00000, 0x00000000f0100000, 0x0000000100000000)
  eden space 32768K, 97% used [0x00000000eab00000,0x00000000eca2da60,0x00000000ecb00000)
  from space 2560K, 99% used [0x00000000ecb00000,0x00000000ecd7bcf8,0x00000000ecd80000)
  to   space 11264K, 0% used [0x00000000ef600000,0x00000000ef600000,0x00000000f0100000)
 ParOldGen       total 44032K, used 21986K [0x00000000c0000000, 0x00000000c2b00000, 0x00000000eab00000)
  object space 44032K, 49% used [0x00000000c0000000,0x00000000c1578ae8,0x00000000c2b00000)
 Metaspace       used 8179K, capacity 8258K, committed 8576K, reserved 1056768K
  class space    used 785K, capacity 818K, committed 896K, reserved 1048576K
Event: 9.108 GC heap after
Heap after GC invocations=6 (full 0):
 PSYoungGen      total 76288K, used 3435K [0x00000000eab00000, 0x00000000f0200000, 0x0000000100000000)
  eden space 65024K, 0% used [0x00000000eab00000,0x00000000eab00000,0x00000000eea80000)
  from space 11264K, 30% used [0x00000000ef600000,0x00000000ef95ac40,0x00000000f0100000)
  to   space 11776K, 0% used [0x00000000eea80000,0x00000000eea80000,0x00000000ef600000)
 ParOldGen       total 44032K, used 21994K [0x00000000c0000000, 0x00000000c2b00000, 0x00000000eab00000)
  object space 44032K, 49% used [0x00000000c0000000,0x00000000c157aae8,0x00000000c2b00000)
 Metaspace       used 8179K, capacity 8258K, committed 8576K, reserved 1056768K
  class space    used 785K, capacity 818K, committed 896K, reserved 1048576K
}
Event: 9.466 GC heap before
{Heap before GC invocations=7 (full 0):
 PSYoungGen      total 76288K, used 68459K [0x00000000eab00000, 0x00000000f0200000, 0x0000000100000000)
  eden space 65024K, 100% used [0x00000000eab00000,0x00000000eea80000,0x00000000eea80000)
  from space 11264K, 30% used [0x00000000ef600000,0x00000000ef95ac40,0x00000000f0100000)
  to   space 11776K, 0% used [0x00000000eea80000,0x00000000eea80000,0x00000000ef600000)
 ParOldGen       total 44032K, used 21994K [0x00000000c0000000, 0x00000000c2b00000, 0x00000000eab00000)
  object space 44032K, 49% used [0x00000000c0000000,0x00000000c157aae8,0x00000000c2b00000)
 Metaspace       used 8291K, capacity 8440K, committed 8576K, reserved 1056768K
  class space    used 794K, capacity 851K, committed 896K, reserved 1048576K
Event: 9.493 GC heap after
Heap after GC invocations=7 (full 0):
 PSYoungGen      total 76800K, used 5571K [0x00000000eab00000, 0x00000000f0200000, 0x0000000100000000)
  eden space 65024K, 0% used [0x00000000eab00000,0x00000000eab00000,0x00000000eea80000)
  from space 11776K, 47% used [0x00000000eea80000,0x00000000eeff0e18,0x00000000ef600000)
  to   space 11264K, 0% used [0x00000000ef600000,0x00000000ef600000,0x00000000f0100000)
 ParOldGen       total 44032K, used 23133K [0x00000000c0000000, 0x00000000c2b00000, 0x00000000eab00000)
  object space 44032K, 52% used [0x00000000c0000000,0x00000000c1697558,0x00000000c2b00000)
 Metaspace       used 8291K, capacity 8440K, committed 8576K, reserved 1056768K
  class space    used 794K, capacity 851K, committed 896K, reserved 1048576K
}
Event: 9.805 GC heap before
{Heap before GC invocations=8 (full 0):
 PSYoungGen      total 76800K, used 69920K [0x00000000eab00000, 0x00000000f0200000, 0x0000000100000000)
  eden space 65024K, 98% used [0x00000000eab00000,0x00000000ee9d72f0,0x00000000eea80000)
  from space 11776K, 47% used [0x00000000eea80000,0x00000000eeff0e18,0x00000000ef600000)
  to   space 11264K, 0% used [0x00000000ef600000,0x00000000ef600000,0x00000000f0100000)
 ParOldGen       total 44032K, used 23133K [0x00000000c0000000, 0x00000000c2b00000, 0x00000000eab00000)
  object space 44032K, 52% used [0x00000000c0000000,0x00000000c1697558,0x00000000c2b00000)
 Metaspace       used 8320K, capacity 8440K, committed 8576K, reserved 1056768K
  class space    used 794K, capacity 851K, committed 896K, reserved 1048576K
Event: 9.810 GC heap after
Heap after GC invocations=8 (full 0):
 PSYoungGen      total 76800K, used 2528K [0x00000000eab00000, 0x00000000f4000000, 0x0000000100000000)
  eden space 65536K, 0% used [0x00000000eab00000,0x00000000eab00000,0x00000000eeb00000)
  from space 11264K, 22% used [0x00000000ef600000,0x00000000ef8782a8,0x00000000f0100000)
  to   space 11264K, 0% used [0x00000000eeb00000,0x00000000eeb00000,0x00000000ef600000)
 ParOldGen       total 44032K, used 23904K [0x00000000c0000000, 0x00000000c2b00000, 0x00000000eab00000)
  object space 44032K, 54% used [0x00000000c0000000,0x00000000c1758308,0x00000000c2b00000)
 Metaspace       used 8320K, capacity 8440K, committed 8576K, reserved 1056768K
  class space    used 794K, capacity 851K, committed 896K, reserved 1048576K
}

