# JRE version: Java(TM) SE Runtime Environment (8.0_60-b27) (build 1.8.0_60-b27)
# Java VM: Java HotSpot(TM) 64-Bit Server VM (25.60-b23 mixed mode windows-amd64 compressed oops)
Heap:
 PSYoungGen      total 141312K, used 54435K [0x00000000eab00000, 0x00000000f4100000, 0x0000000100000000)
  eden space 130560K, 41% used [0x00000000eab00000,0x00000000ee028fa0,0x00000000f2a80000)
  from space 10752K, 0% used [0x00000000f3580000,0x00000000f3580000,0x00000000f4000000)
  to   space 11264K, 0% used [0x00000000f2a80000,0x00000000f2a80000,0x00000000f3580000)
 ParOldGen       total 64000K, used 33455K [0x00000000c0000000, 0x00000000c3e80000, 0x00000000eab00000)
  object space 64000K, 52% used [0x00000000c0000000,0x00000000c20abfc0,0x00000000c3e80000)
 Metaspace       used 8385K, capacity 8504K, committed 8576K, reserved 1056768K
  class space    used 794K, capacity 851K, committed 896K, reserved 1048576K
GC Heap History (10 events):
Event: 11.530 GC heap before
{Heap before GC invocations=9 (full 0):
 PSYoungGen      total 141312K, used 139454K [0x00000000eab00000, 0x00000000f4100000, 0x0000000100000000)
  eden space 130560K, 100% used [0x00000000eab00000,0x00000000f2a80000,0x00000000f2a80000)
  from space 10752K, 82% used [0x00000000f3580000,0x00000000f3e2fba0,0x00000000f4000000)
  to   space 11264K, 0% used [0x00000000f2a80000,0x00000000f2a80000,0x00000000f3580000)
 ParOldGen       total 44032K, used 24136K [0x00000000c0000000, 0x00000000c2b00000, 0x00000000eab00000)
  object space 44032K, 54% used [0x00000000c0000000,0x00000000c1792238,0x00000000c2b00000)
 Metaspace       used 8369K, capacity 8504K, committed 8576K, reserved 1056768K
  class space    used 794K, capacity 851K, committed 896K, reserved 1048576K
Event: 11.557 GC heap after
Heap after GC invocations=9 (full 0):
 PSYoungGen      total 141824K, used 11260K [0x00000000eab00000, 0x00000000f4100000, 0x0000000100000000)
  eden space 130560K, 0% used [0x00000000eab00000,0x00000000eab00000,0x00000000f2a80000)
  from space 11264K, 99% used [0x00000000f2a80000,0x00000000f357f0a0,0x00000000f3580000)
  to   space 10752K, 0% used [0x00000000f3580000,0x00000000f3580000,0x00000000f4000000)
 ParOldGen       total 44032K, used 24671K [0x00000000c0000000, 0x00000000c2b00000, 0x00000000eab00000)
  object space 44032K, 56% used [0x00000000c0000000,0x00000000c1817e20,0x00000000c2b00000)
 Metaspace       used 8369K, capacity 8504K, committed 8576K, reserved 1056768K
  class space    used 794K, capacity 851K, committed 896K, reserved 1048576K
}
Event: 11.949 GC heap before
{Heap before GC invocations=10 (full 0):
 PSYoungGen      total 141824K, used 140259K [0x00000000eab00000, 0x00000000f4100000, 0x0000000100000000)
  eden space 130560K, 98% used [0x00000000eab00000,0x00000000f28f9c50,0x00000000f2a80000)
  from space 11264K, 99% used [0x00000000f2a80000,0x00000000f357f0a0,0x00000000f3580000)
  to   space 10752K, 0% used [0x00000000f3580000,0x00000000f3580000,0x00000000f4000000)
 ParOldGen       total 44032K, used 24671K [0x00000000c0000000, 0x00000000c2b00000, 0x00000000eab00000)
  object space 44032K, 56% used [0x00000000c0000000,0x00000000c1817e20,0x00000000c2b00000)
 Metaspace       used 8375K, capacity 8504K, committed 8576K, reserved 1056768K
  class space    used 794K, capacity 851K, committed 896K, reserved 1048576K
Event: 11.955 GC heap after
Heap after GC invocations=10 (full 0):
 PSYoungGen      total 141312K, used 10741K [0x00000000eab00000, 0x00000000f4100000, 0x0000000100000000)
  eden space 130560K, 0% used [0x00000000eab00000,0x00000000eab00000,0x00000000f2a80000)
  from space 10752K, 99% used [0x00000000f3580000,0x00000000f3ffd778,0x00000000f4000000)
  to   space 11264K, 0% used [0x00000000f2a80000,0x00000000f2a80000,0x00000000f3580000)
 ParOldGen       total 44032K, used 24991K [0x00000000c0000000, 0x00000000c2b00000, 0x00000000eab00000)
  object space 44032K, 56% used [0x00000000c0000000,0x00000000c1867e30,0x00000000c2b00000)
 Metaspace       used 8375K, capacity 8504K, committed 8576K, reserved 1056768K
  class space    used 794K, capacity 851K, committed 896K, reserved 1048576K
}
Event: 12.296 GC heap before
{Heap before GC invocations=11 (full 0):
 PSYoungGen      total 141312K, used 141164K [0x00000000eab00000, 0x00000000f4100000, 0x0000000100000000)
  eden space 130560K, 99% used [0x00000000eab00000,0x00000000f2a5dc40,0x00000000f2a80000)
  from space 10752K, 99% used [0x00000000f3580000,0x00000000f3ffd778,0x00000000f4000000)
  to   space 11264K, 0% used [0x00000000f2a80000,0x00000000f2a80000,0x00000000f3580000)
 ParOldGen       total 44032K, used 24991K [0x00000000c0000000, 0x00000000c2b00000, 0x00000000eab00000)
  object space 44032K, 56% used [0x00000000c0000000,0x00000000c1867e30,0x00000000c2b00000)
 Metaspace       used 8380K, capacity 8504K, committed 8576K, reserved 1056768K
  class space    used 794K, capacity 851K, committed 896K, reserved 1048576K
Event: 12.302 GC heap after
Heap after GC invocations=11 (full 0):
 PSYoungGen      total 141824K, used 8567K [0x00000000eab00000, 0x00000000f4100000, 0x0000000100000000)
  eden space 130560K, 0% used [0x00000000eab00000,0x00000000eab00000,0x00000000f2a80000)
  from space 11264K, 76% used [0x00000000f2a80000,0x00000000f32ddef8,0x00000000f3580000)
  to   space 10752K, 0% used [0x00000000f3580000,0x00000000f3580000,0x00000000f4000000)
 ParOldGen       total 44032K, used 30987K [0x00000000c0000000, 0x00000000c2b00000, 0x00000000eab00000)
  object space 44032K, 70% used [0x00000000c0000000,0x00000000c1e42e40,0x00000000c2b00000)
 Metaspace       used 8380K, capacity 8504K, committed 8576K, reserved 1056768K
  class space    used 794K, capacity 851K, committed 896K, reserved 1048576K
}
Event: 12.653 GC heap before
{Heap before GC invocations=12 (full 0):
 PSYoungGen      total 141824K, used 139127K [0x00000000eab00000, 0x00000000f4100000, 0x0000000100000000)
  eden space 130560K, 100% used [0x00000000eab00000,0x00000000f2a80000,0x00000000f2a80000)
  from space 11264K, 76% used [0x00000000f2a80000,0x00000000f32ddef8,0x00000000f3580000)
  to   space 10752K, 0% used [0x00000000f3580000,0x00000000f3580000,0x00000000f4000000)
 ParOldGen       total 44032K, used 30987K [0x00000000c0000000, 0x00000000c2b00000, 0x00000000eab00000)
  object space 44032K, 70% used [0x00000000c0000000,0x00000000c1e42e40,0x00000000c2b00000)
 Metaspace       used 8381K, capacity 8504K, committed 8576K, reserved 1056768K
  class space    used 794K, capacity 851K, committed 896K, reserved 1048576K
Event: 12.662 GC heap after
Heap after GC invocations=12 (full 0):
 PSYoungGen      total 141312K, used 10725K [0x00000000eab00000, 0x00000000f4100000, 0x0000000100000000)
  eden space 130560K, 0% used [0x00000000eab00000,0x00000000eab00000,0x00000000f2a80000)
  from space 10752K, 99% used [0x00000000f3580000,0x00000000f3ff97e8,0x00000000f4000000)
  to   space 11264K, 0% used [0x00000000f2a80000,0x00000000f2a80000,0x00000000f3580000)
 ParOldGen       total 44032K, used 36230K [0x00000000c0000000, 0x00000000c2b00000, 0x00000000eab00000)
  object space 44032K, 82% used [0x00000000c0000000,0x00000000c2361af0,0x00000000c2b00000)
 Metaspace       used 8381K, capacity 8504K, committed 8576K, reserved 1056768K
  class space    used 794K, capacity 851K, committed 896K, reserved 1048576K
}
Event: 12.662 GC heap before
{Heap before GC invocations=13 (full 1):
 PSYoungGen      total 141312K, used 10725K [0x00000000eab00000, 0x00000000f4100000, 0x0000000100000000)
  eden space 130560K, 0% used [0x00000000eab00000,0x00000000eab00000,0x00000000f2a80000)
  from space 10752K, 99% used [0x00000000f3580000,0x00000000f3ff97e8,0x00000000f4000000)
  to   space 11264K, 0% used [0x00000000f2a80000,0x00000000f2a80000,0x00000000f3580000)
 ParOldGen       total 44032K, used 36230K [0x00000000c0000000, 0x00000000c2b00000, 0x00000000eab00000)
  object space 44032K, 82% used [0x00000000c0000000,0x00000000c2361af0,0x00000000c2b00000)
 Metaspace       used 8381K, capacity 8504K, committed 8576K, reserved 1056768K
  class space    used 794K, capacity 851K, committed 896K, reserved 1048576K
Event: 12.806 GC heap after
Heap after GC invocations=13 (full 1):
 PSYoungGen      total 141312K, used 0K [0x00000000eab00000, 0x00000000f4100000, 0x0000000100000000)
  eden space 130560K, 0% used [0x00000000eab00000,0x00000000eab00000,0x00000000f2a80000)
  from space 10752K, 0% used [0x00000000f3580000,0x00000000f3580000,0x00000000f4000000)
  to   space 11264K, 0% used [0x00000000f2a80000,0x00000000f2a80000,0x00000000f3580000)
 ParOldGen       total 64000K, used 33455K [0x00000000c0000000, 0x00000000c3e80000, 0x00000000eab00000)
  object space 64000K, 52% used [0x00000000c0000000,0x00000000c20abfc0,0x00000000c3e80000)
 Metaspace       used 8381K, capacity 8504K, committed 8576K, reserved 1056768K
  class space    used 794K, capacity 851K, committed 896K, reserved 1048576K
}

