# JRE version: Java(TM) SE Runtime Environment (8.0_60-b27) (build 1.8.0_60-b27)
# Java VM: Java HotSpot(TM) 64-Bit Server VM (25.60-b23 mixed mode windows-amd64 compressed oops)
Heap:
 PSYoungGen      total 62976K, used 38011K [0x00000000eab00000, 0x00000000ef380000, 0x0000000100000000)
  eden space 52736K, 53% used [0x00000000eab00000,0x00000000ec6bf1c8,0x00000000ede80000)
  from space 10240K, 93% used [0x00000000ee980000,0x00000000ef2dfd00,0x00000000ef380000)
  to   space 10752K, 0% used [0x00000000ede80000,0x00000000ede80000,0x00000000ee900000)
 ParOldGen       total 44032K, used 36199K [0x00000000c0000000, 0x00000000c2b00000, 0x00000000eab00000)
  object space 44032K, 82% used [0x00000000c0000000,0x00000000c2359fe0,0x00000000c2b00000)
 Metaspace       used 8348K, capacity 8504K, committed 8576K, reserved 1056768K
  class space    used 794K, capacity 851K, committed 896K, reserved 1048576K
GC Heap History (10 events):
Event: 7.968 GC heap before
{Heap before GC invocations=12 (full 0):
 PSYoungGen      total 63488K, used 56784K [0x00000000eab00000, 0x00000000ef380000, 0x0000000100000000)
  eden space 52736K, 100% used [0x00000000eab00000,0x00000000ede80000,0x00000000ede80000)
  from space 10752K, 37% used [0x00000000ede80000,0x00000000ee274098,0x00000000ee900000)
  to   space 10240K, 0% used [0x00000000ee980000,0x00000000ee980000,0x00000000ef380000)
 ParOldGen       total 44032K, used 33003K [0x00000000c0000000, 0x00000000c2b00000, 0x00000000eab00000)
  object space 44032K, 74% used [0x00000000c0000000,0x00000000c203adc8,0x00000000c2b00000)
 Metaspace       used 8340K, capacity 8440K, committed 8576K, reserved 1056768K
  class space    used 794K, capacity 851K, committed 896K, reserved 1048576K
Event: 7.976 GC heap after
Heap after GC invocations=12 (full 0):
 PSYoungGen      total 62976K, used 7100K [0x00000000eab00000, 0x00000000ef380000, 0x0000000100000000)
  eden space 52736K, 0% used [0x00000000eab00000,0x00000000eab00000,0x00000000ede80000)
  from space 10240K, 69% used [0x00000000ee980000,0x00000000ef06f040,0x00000000ef380000)
  to   space 10752K, 0% used [0x00000000ede80000,0x00000000ede80000,0x00000000ee900000)
 ParOldGen       total 44032K, used 33003K [0x00000000c0000000, 0x00000000c2b00000, 0x00000000eab00000)
  object space 44032K, 74% used [0x00000000c0000000,0x00000000c203adc8,0x00000000c2b00000)
 Metaspace       used 8340K, capacity 8440K, committed 8576K, reserved 1056768K
  class space    used 794K, capacity 851K, committed 896K, reserved 1048576K
}
Event: 8.175 GC heap before
{Heap before GC invocations=13 (full 0):
 PSYoungGen      total 62976K, used 59836K [0x00000000eab00000, 0x00000000ef380000, 0x0000000100000000)
  eden space 52736K, 100% used [0x00000000eab00000,0x00000000ede80000,0x00000000ede80000)
  from space 10240K, 69% used [0x00000000ee980000,0x00000000ef06f040,0x00000000ef380000)
  to   space 10752K, 0% used [0x00000000ede80000,0x00000000ede80000,0x00000000ee900000)
 ParOldGen       total 44032K, used 33003K [0x00000000c0000000, 0x00000000c2b00000, 0x00000000eab00000)
  object space 44032K, 74% used [0x00000000c0000000,0x00000000c203adc8,0x00000000c2b00000)
 Metaspace       used 8344K, capacity 8504K, committed 8576K, reserved 1056768K
  class space    used 794K, capacity 851K, committed 896K, reserved 1048576K
Event: 8.182 GC heap after
Heap after GC invocations=13 (full 0):
 PSYoungGen      total 63488K, used 7307K [0x00000000eab00000, 0x00000000ef380000, 0x0000000100000000)
  eden space 52736K, 0% used [0x00000000eab00000,0x00000000eab00000,0x00000000ede80000)
  from space 10752K, 67% used [0x00000000ede80000,0x00000000ee5a2e08,0x00000000ee900000)
  to   space 10240K, 0% used [0x00000000ee980000,0x00000000ee980000,0x00000000ef380000)
 ParOldGen       total 44032K, used 33003K [0x00000000c0000000, 0x00000000c2b00000, 0x00000000eab00000)
  object space 44032K, 74% used [0x00000000c0000000,0x00000000c203adc8,0x00000000c2b00000)
 Metaspace       used 8344K, capacity 8504K, committed 8576K, reserved 1056768K
  class space    used 794K, capacity 851K, committed 896K, reserved 1048576K
}
Event: 8.477 GC heap before
{Heap before GC invocations=14 (full 0):
 PSYoungGen      total 63488K, used 60043K [0x00000000eab00000, 0x00000000ef380000, 0x0000000100000000)
  eden space 52736K, 100% used [0x00000000eab00000,0x00000000ede80000,0x00000000ede80000)
  from space 10752K, 67% used [0x00000000ede80000,0x00000000ee5a2e08,0x00000000ee900000)
  to   space 10240K, 0% used [0x00000000ee980000,0x00000000ee980000,0x00000000ef380000)
 ParOldGen       total 44032K, used 33003K [0x00000000c0000000, 0x00000000c2b00000, 0x00000000eab00000)
  object space 44032K, 74% used [0x00000000c0000000,0x00000000c203adc8,0x00000000c2b00000)
 Metaspace       used 8346K, capacity 8504K, committed 8576K, reserved 1056768K
  class space    used 794K, capacity 851K, committed 896K, reserved 1048576K
Event: 8.480 GC heap after
Heap after GC invocations=14 (full 0):
 PSYoungGen      total 62976K, used 7066K [0x00000000eab00000, 0x00000000ef380000, 0x0000000100000000)
  eden space 52736K, 0% used [0x00000000eab00000,0x00000000eab00000,0x00000000ede80000)
  from space 10240K, 69% used [0x00000000ee980000,0x00000000ef066b18,0x00000000ef380000)
  to   space 10752K, 0% used [0x00000000ede80000,0x00000000ede80000,0x00000000ee900000)
 ParOldGen       total 44032K, used 33003K [0x00000000c0000000, 0x00000000c2b00000, 0x00000000eab00000)
  object space 44032K, 74% used [0x00000000c0000000,0x00000000c203adc8,0x00000000c2b00000)
 Metaspace       used 8346K, capacity 8504K, committed 8576K, reserved 1056768K
  class space    used 794K, capacity 851K, committed 896K, reserved 1048576K
}
Event: 8.700 GC heap before
{Heap before GC invocations=15 (full 0):
 PSYoungGen      total 62976K, used 59802K [0x00000000eab00000, 0x00000000ef380000, 0x0000000100000000)
  eden space 52736K, 100% used [0x00000000eab00000,0x00000000ede80000,0x00000000ede80000)
  from space 10240K, 69% used [0x00000000ee980000,0x00000000ef066b18,0x00000000ef380000)
  to   space 10752K, 0% used [0x00000000ede80000,0x00000000ede80000,0x00000000ee900000)
 ParOldGen       total 44032K, used 33003K [0x00000000c0000000, 0x00000000c2b00000, 0x00000000eab00000)
  object space 44032K, 74% used [0x00000000c0000000,0x00000000c203adc8,0x00000000c2b00000)
 Metaspace       used 8348K, capacity 8504K, committed 8576K, reserved 1056768K
  class space    used 794K, capacity 851K, committed 896K, reserved 1048576K
Event: 8.705 GC heap after
Heap after GC invocations=15 (full 0):
 PSYoungGen      total 63488K, used 10741K [0x00000000eab00000, 0x00000000ef380000, 0x0000000100000000)
  eden space 52736K, 0% used [0x00000000eab00000,0x00000000eab00000,0x00000000ede80000)
  from space 10752K, 99% used [0x00000000ede80000,0x00000000ee8fd7d8,0x00000000ee900000)
  to   space 10240K, 0% used [0x00000000ee980000,0x00000000ee980000,0x00000000ef380000)
 ParOldGen       total 44032K, used 33015K [0x00000000c0000000, 0x00000000c2b00000, 0x00000000eab00000)
  object space 44032K, 74% used [0x00000000c0000000,0x00000000c203dfc0,0x00000000c2b00000)
 Metaspace       used 8348K, capacity 8504K, committed 8576K, reserved 1056768K
  class space    used 794K, capacity 851K, committed 896K, reserved 1048576K
}
Event: 8.872 GC heap before
{Heap before GC invocations=16 (full 0):
 PSYoungGen      total 63488K, used 63477K [0x00000000eab00000, 0x00000000ef380000, 0x0000000100000000)
  eden space 52736K, 100% used [0x00000000eab00000,0x00000000ede80000,0x00000000ede80000)
  from space 10752K, 99% used [0x00000000ede80000,0x00000000ee8fd7d8,0x00000000ee900000)
  to   space 10240K, 0% used [0x00000000ee980000,0x00000000ee980000,0x00000000ef380000)
 ParOldGen       total 44032K, used 33015K [0x00000000c0000000, 0x00000000c2b00000, 0x00000000eab00000)
  object space 44032K, 74% used [0x00000000c0000000,0x00000000c203dfc0,0x00000000c2b00000)
 Metaspace       used 8348K, capacity 8504K, committed 8576K, reserved 1056768K
  class space    used 794K, capacity 851K, committed 896K, reserved 1048576K
Event: 8.884 GC heap after
Heap after GC invocations=16 (full 0):
 PSYoungGen      total 62976K, used 9599K [0x00000000eab00000, 0x00000000ef380000, 0x0000000100000000)
  eden space 52736K, 0% used [0x00000000eab00000,0x00000000eab00000,0x00000000ede80000)
  from space 10240K, 93% used [0x00000000ee980000,0x00000000ef2dfd00,0x00000000ef380000)
  to   space 10752K, 0% used [0x00000000ede80000,0x00000000ede80000,0x00000000ee900000)
 ParOldGen       total 44032K, used 36199K [0x00000000c0000000, 0x00000000c2b00000, 0x00000000eab00000)
  object space 44032K, 82% used [0x00000000c0000000,0x00000000c2359fe0,0x00000000c2b00000)
 Metaspace       used 8348K, capacity 8504K, committed 8576K, reserved 1056768K
  class space    used 794K, capacity 851K, committed 896K, reserved 1048576K
}

