# JRE version: Java(TM) SE Runtime Environment (8.0_60-b27) (build 1.8.0_60-b27)
# Java VM: Java HotSpot(TM) 64-Bit Server VM (25.60-b23 mixed mode windows-amd64 compressed oops)
Heap:
 PSYoungGen      total 89088K, used 14765K [0x00000000eab00000, 0x00000000f2d00000, 0x0000000100000000)
  eden space 74240K, 7% used [0x00000000eab00000,0x00000000eb0c5188,0x00000000ef380000)
  from space 14848K, 59% used [0x00000000ef380000,0x00000000efc26640,0x00000000f0200000)
  to   space 15360K, 0% used [0x00000000f1e00000,0x00000000f1e00000,0x00000000f2d00000)
 ParOldGen       total 58880K, used 24831K [0x00000000c0000000, 0x00000000c3980000, 0x00000000eab00000)
  object space 58880K, 42% used [0x00000000c0000000,0x00000000c183ff48,0x00000000c3980000)
 Metaspace       used 8368K, capacity 8504K, committed 8576K, reserved 1056768K
  class space    used 794K, capacity 851K, committed 896K, reserved 1048576K
GC Heap History (10 events):
Event: 7.792 GC heap before
{Heap before GC invocations=12 (full 1):
 PSYoungGen      total 88576K, used 84656K [0x00000000eab00000, 0x00000000f1200000, 0x0000000100000000)
  eden space 74240K, 100% used [0x00000000eab00000,0x00000000ef380000,0x00000000ef380000)
  from space 14336K, 72% used [0x00000000f0200000,0x00000000f0c2c2b0,0x00000000f1000000)
  to   space 14848K, 0% used [0x00000000ef380000,0x00000000ef380000,0x00000000f0200000)
 ParOldGen       total 58880K, used 24815K [0x00000000c0000000, 0x00000000c3980000, 0x00000000eab00000)
  object space 58880K, 42% used [0x00000000c0000000,0x00000000c183bf48,0x00000000c3980000)
 Metaspace       used 8360K, capacity 8504K, committed 8576K, reserved 1056768K
  class space    used 794K, capacity 851K, committed 896K, reserved 1048576K
Event: 7.800 GC heap after
Heap after GC invocations=12 (full 1):
 PSYoungGen      total 89088K, used 8989K [0x00000000eab00000, 0x00000000f1200000, 0x0000000100000000)
  eden space 74240K, 0% used [0x00000000eab00000,0x00000000eab00000,0x00000000ef380000)
  from space 14848K, 60% used [0x00000000ef380000,0x00000000efc47770,0x00000000f0200000)
  to   space 14336K, 0% used [0x00000000f0200000,0x00000000f0200000,0x00000000f1000000)
 ParOldGen       total 58880K, used 24823K [0x00000000c0000000, 0x00000000c3980000, 0x00000000eab00000)
  object space 58880K, 42% used [0x00000000c0000000,0x00000000c183df48,0x00000000c3980000)
 Metaspace       used 8360K, capacity 8504K, committed 8576K, reserved 1056768K
  class space    used 794K, capacity 851K, committed 896K, reserved 1048576K
}
Event: 7.995 GC heap before
{Heap before GC invocations=13 (full 1):
 PSYoungGen      total 89088K, used 81649K [0x00000000eab00000, 0x00000000f1200000, 0x0000000100000000)
  eden space 74240K, 97% used [0x00000000eab00000,0x00000000ef1f4d10,0x00000000ef380000)
  from space 14848K, 60% used [0x00000000ef380000,0x00000000efc47770,0x00000000f0200000)
  to   space 14336K, 0% used [0x00000000f0200000,0x00000000f0200000,0x00000000f1000000)
 ParOldGen       total 58880K, used 24823K [0x00000000c0000000, 0x00000000c3980000, 0x00000000eab00000)
  object space 58880K, 42% used [0x00000000c0000000,0x00000000c183df48,0x00000000c3980000)
 Metaspace       used 8360K, capacity 8504K, committed 8576K, reserved 1056768K
  class space    used 794K, capacity 851K, committed 896K, reserved 1048576K
Event: 8.001 GC heap after
Heap after GC invocations=13 (full 1):
 PSYoungGen      total 88576K, used 12348K [0x00000000eab00000, 0x00000000f1200000, 0x0000000100000000)
  eden space 74240K, 0% used [0x00000000eab00000,0x00000000eab00000,0x00000000ef380000)
  from space 14336K, 86% used [0x00000000f0200000,0x00000000f0e0f150,0x00000000f1000000)
  to   space 14848K, 0% used [0x00000000ef380000,0x00000000ef380000,0x00000000f0200000)
 ParOldGen       total 58880K, used 24823K [0x00000000c0000000, 0x00000000c3980000, 0x00000000eab00000)
  object space 58880K, 42% used [0x00000000c0000000,0x00000000c183df48,0x00000000c3980000)
 Metaspace       used 8360K, capacity 8504K, committed 8576K, reserved 1056768K
  class space    used 794K, capacity 851K, committed 896K, reserved 1048576K
}
Event: 8.161 GC heap before
{Heap before GC invocations=14 (full 1):
 PSYoungGen      total 88576K, used 86588K [0x00000000eab00000, 0x00000000f1200000, 0x0000000100000000)
  eden space 74240K, 100% used [0x00000000eab00000,0x00000000ef380000,0x00000000ef380000)
  from space 14336K, 86% used [0x00000000f0200000,0x00000000f0e0f150,0x00000000f1000000)
  to   space 14848K, 0% used [0x00000000ef380000,0x00000000ef380000,0x00000000f0200000)
 ParOldGen       total 58880K, used 24823K [0x00000000c0000000, 0x00000000c3980000, 0x00000000eab00000)
  object space 58880K, 42% used [0x00000000c0000000,0x00000000c183df48,0x00000000c3980000)
 Metaspace       used 8364K, capacity 8504K, committed 8576K, reserved 1056768K
  class space    used 794K, capacity 851K, committed 896K, reserved 1048576K
Event: 8.168 GC heap after
Heap after GC invocations=14 (full 1):
 PSYoungGen      total 89088K, used 8173K [0x00000000eab00000, 0x00000000f1200000, 0x0000000100000000)
  eden space 74240K, 0% used [0x00000000eab00000,0x00000000eab00000,0x00000000ef380000)
  from space 14848K, 55% used [0x00000000ef380000,0x00000000efb7b738,0x00000000f0200000)
  to   space 14336K, 0% used [0x00000000f0200000,0x00000000f0200000,0x00000000f1000000)
 ParOldGen       total 58880K, used 24831K [0x00000000c0000000, 0x00000000c3980000, 0x00000000eab00000)
  object space 58880K, 42% used [0x00000000c0000000,0x00000000c183ff48,0x00000000c3980000)
 Metaspace       used 8364K, capacity 8504K, committed 8576K, reserved 1056768K
  class space    used 794K, capacity 851K, committed 896K, reserved 1048576K
}
Event: 8.341 GC heap before
{Heap before GC invocations=15 (full 1):
 PSYoungGen      total 89088K, used 82413K [0x00000000eab00000, 0x00000000f1200000, 0x0000000100000000)
  eden space 74240K, 100% used [0x00000000eab00000,0x00000000ef380000,0x00000000ef380000)
  from space 14848K, 55% used [0x00000000ef380000,0x00000000efb7b738,0x00000000f0200000)
  to   space 14336K, 0% used [0x00000000f0200000,0x00000000f0200000,0x00000000f1000000)
 ParOldGen       total 58880K, used 24831K [0x00000000c0000000, 0x00000000c3980000, 0x00000000eab00000)
  object space 58880K, 42% used [0x00000000c0000000,0x00000000c183ff48,0x00000000c3980000)
 Metaspace       used 8365K, capacity 8504K, committed 8576K, reserved 1056768K
  class space    used 794K, capacity 851K, committed 896K, reserved 1048576K
Event: 8.347 GC heap after
Heap after GC invocations=15 (full 1):
 PSYoungGen      total 88576K, used 10830K [0x00000000eab00000, 0x00000000f1200000, 0x0000000100000000)
  eden space 74240K, 0% used [0x00000000eab00000,0x00000000eab00000,0x00000000ef380000)
  from space 14336K, 75% used [0x00000000f0200000,0x00000000f0c939b8,0x00000000f1000000)
  to   space 14848K, 0% used [0x00000000ef380000,0x00000000ef380000,0x00000000f0200000)
 ParOldGen       total 58880K, used 24831K [0x00000000c0000000, 0x00000000c3980000, 0x00000000eab00000)
  object space 58880K, 42% used [0x00000000c0000000,0x00000000c183ff48,0x00000000c3980000)
 Metaspace       used 8365K, capacity 8504K, committed 8576K, reserved 1056768K
  class space    used 794K, capacity 851K, committed 896K, reserved 1048576K
}
Event: 8.587 GC heap before
{Heap before GC invocations=16 (full 1):
 PSYoungGen      total 88576K, used 85070K [0x00000000eab00000, 0x00000000f1200000, 0x0000000100000000)
  eden space 74240K, 100% used [0x00000000eab00000,0x00000000ef380000,0x00000000ef380000)
  from space 14336K, 75% used [0x00000000f0200000,0x00000000f0c939b8,0x00000000f1000000)
  to   space 14848K, 0% used [0x00000000ef380000,0x00000000ef380000,0x00000000f0200000)
 ParOldGen       total 58880K, used 24831K [0x00000000c0000000, 0x00000000c3980000, 0x00000000eab00000)
  object space 58880K, 42% used [0x00000000c0000000,0x00000000c183ff48,0x00000000c3980000)
 Metaspace       used 8368K, capacity 8504K, committed 8576K, reserved 1056768K
  class space    used 794K, capacity 851K, committed 896K, reserved 1048576K
Event: 8.595 GC heap after
Heap after GC invocations=16 (full 1):
 PSYoungGen      total 89088K, used 8857K [0x00000000eab00000, 0x00000000f2d00000, 0x0000000100000000)
  eden space 74240K, 0% used [0x00000000eab00000,0x00000000eab00000,0x00000000ef380000)
  from space 14848K, 59% used [0x00000000ef380000,0x00000000efc26640,0x00000000f0200000)
  to   space 15360K, 0% used [0x00000000f1e00000,0x00000000f1e00000,0x00000000f2d00000)
 ParOldGen       total 58880K, used 24831K [0x00000000c0000000, 0x00000000c3980000, 0x00000000eab00000)
  object space 58880K, 42% used [0x00000000c0000000,0x00000000c183ff48,0x00000000c3980000)
 Metaspace       used 8368K, capacity 8504K, committed 8576K, reserved 1056768K
  class space    used 794K, capacity 851K, committed 896K, reserved 1048576K
}

